<!DOCTYPE html>

<html>
  <head>
  <meta charset='utf-8'>
  <title>TestNG reports</title>

    <link type="text/css" href="testng-reports.css" rel="stylesheet" />
    <script type="text/javascript" src="jquery-1.7.1.min.js"></script>
    <script type="text/javascript" src="testng-reports.js"></script>
    <script type="text/javascript" src="https://www.google.com/jsapi"></script>
    <script type='text/javascript'>
      google.load('visualization', '1', {packages:['table']});
      google.setOnLoadCallback(drawTable);
      var suiteTableInitFunctions = new Array();
      var suiteTableData = new Array();
    </script>
    <!--
      <script type="text/javascript" src="jquery-ui/js/jquery-ui-1.8.16.custom.min.js"></script>
     -->
  </head>

  <body>
    <div class="top-banner-root">
      <span class="top-banner-title-font">Test results</span>
      <br/>
      <span class="top-banner-font-1">1 suite, 7 failed tests</span>
    </div> <!-- top-banner-root -->
    <div class="navigator-root">
      <div class="navigator-suite-header">
        <span>All suites</span>
        <a href="#" title="Collapse/expand all the suites" class="collapse-all-link">
          <img src="collapseall.gif" class="collapse-all-icon">
          </img> <!-- collapse-all-icon -->
        </a> <!-- collapse-all-link -->
      </div> <!-- navigator-suite-header -->
      <div class="suite">
        <div class="rounded-window">
          <div class="suite-header light-rounded-window-top">
            <a href="#" panel-name="suite-Suite" class="navigator-link">
              <span class="suite-name border-failed">Suite</span>
            </a> <!-- navigator-link -->
          </div> <!-- suite-header light-rounded-window-top -->
          <div class="navigator-suite-content">
            <div class="suite-section-title">
              <span>Info</span>
            </div> <!-- suite-section-title -->
            <div class="suite-section-content">
              <ul>
                <li>
                  <a href="#" panel-name="test-xml-Suite" class="navigator-link ">
                    <span>C:\Users\khushipatel\git\FlipkartAutomationSuite\MyExitTest\testng.xml</span>
                  </a> <!-- navigator-link  -->
                </li>
                <li>
                  <a href="#" panel-name="testlist-Suite" class="navigator-link ">
                    <span class="test-stats">1 test</span>
                  </a> <!-- navigator-link  -->
                </li>
                <li>
                  <a href="#" panel-name="group-Suite" class="navigator-link ">
                    <span>2 groups</span>
                  </a> <!-- navigator-link  -->
                </li>
                <li>
                  <a href="#" panel-name="times-Suite" class="navigator-link ">
                    <span>Times</span>
                  </a> <!-- navigator-link  -->
                </li>
                <li>
                  <a href="#" panel-name="reporter-Suite" class="navigator-link ">
                    <span>Reporter output</span>
                  </a> <!-- navigator-link  -->
                </li>
                <li>
                  <a href="#" panel-name="ignored-methods-Suite" class="navigator-link ">
                    <span>Ignored methods</span>
                  </a> <!-- navigator-link  -->
                </li>
                <li>
                  <a href="#" panel-name="chronological-Suite" class="navigator-link ">
                    <span>Chronological view</span>
                  </a> <!-- navigator-link  -->
                </li>
              </ul>
            </div> <!-- suite-section-content -->
            <div class="result-section">
              <div class="suite-section-title">
                <span>Results</span>
              </div> <!-- suite-section-title -->
              <div class="suite-section-content">
                <ul>
                  <li>
                    <span class="method-stats">20 methods, 7 failed,   13 passed</span>
                  </li>
                  <li>
                    <span class="method-list-title failed">Failed methods</span>
                    <span class="show-or-hide-methods failed">
                      <a href="#" panel-name="suite-Suite" class="hide-methods failed suite-Suite"> (hide)</a> <!-- hide-methods failed suite-Suite -->
                      <a href="#" panel-name="suite-Suite" class="show-methods failed suite-Suite"> (show)</a> <!-- show-methods failed suite-Suite -->
                    </span>
                    <div class="method-list-content failed suite-Suite">
                      <span>
                        <img src="failed.png" width="3%"/>
                        <a href="#" panel-name="suite-Suite" title="com.MyExitTest.tests.CartTest" class="method navigator-link" hash-for-method="AddToCart">AddToCart</a> <!-- method navigator-link -->
                      </span>
                      <br/>
                      <span>
                        <img src="failed.png" width="3%"/>
                        <a href="#" panel-name="suite-Suite" title="com.MyExitTest.tests.CartTest" class="method navigator-link" hash-for-method="CheckCart">CheckCart</a> <!-- method navigator-link -->
                      </span>
                      <br/>
                      <span>
                        <img src="failed.png" width="3%"/>
                        <a href="#" panel-name="suite-Suite" title="com.MyExitTest.tests.OtherOptionsTest" class="method navigator-link" hash-for-method="DownloadApp">DownloadApp</a> <!-- method navigator-link -->
                      </span>
                      <br/>
                      <span>
                        <img src="failed.png" width="3%"/>
                        <a href="#" panel-name="suite-Suite" title="com.MyExitTest.tests.OtherOptionsTest" class="method navigator-link" hash-for-method="GiftCards">GiftCards</a> <!-- method navigator-link -->
                      </span>
                      <br/>
                      <span>
                        <img src="failed.png" width="3%"/>
                        <a href="#" panel-name="suite-Suite" title="com.MyExitTest.tests.OtherOptionsTest" class="method navigator-link" hash-for-method="NotificationPreferences">NotificationPreferences</a> <!-- method navigator-link -->
                      </span>
                      <br/>
                      <span>
                        <img src="failed.png" width="3%"/>
                        <a href="#" panel-name="suite-Suite" title="com.MyExitTest.tests.SearchboxTest" class="method navigator-link" hash-for-method="Searchbox">Searchbox</a> <!-- method navigator-link -->
                      </span>
                      <br/>
                      <span>
                        <img src="failed.png" width="3%"/>
                        <a href="#" panel-name="suite-Suite" title="com.MyExitTest.tests.TravelTest" class="method navigator-link" hash-for-method="Travel">Travel</a> <!-- method navigator-link -->
                      </span>
                      <br/>
                    </div> <!-- method-list-content failed suite-Suite -->
                  </li>
                  <li>
                    <span class="method-list-title passed">Passed methods</span>
                    <span class="show-or-hide-methods passed">
                      <a href="#" panel-name="suite-Suite" class="hide-methods passed suite-Suite"> (hide)</a> <!-- hide-methods passed suite-Suite -->
                      <a href="#" panel-name="suite-Suite" class="show-methods passed suite-Suite"> (show)</a> <!-- show-methods passed suite-Suite -->
                    </span>
                    <div class="method-list-content passed suite-Suite">
                      <span>
                        <img src="passed.png" width="3%"/>
                        <a href="#" panel-name="suite-Suite" title="com.MyExitTest.tests.OtherOptionsTest" class="method navigator-link" hash-for-method="AboutUs">AboutUs</a> <!-- method navigator-link -->
                      </span>
                      <br/>
                      <span>
                        <img src="passed.png" width="3%"/>
                        <a href="#" panel-name="suite-Suite" title="com.MyExitTest.tests.OtherOptionsTest" class="method navigator-link" hash-for-method="Advertise">Advertise</a> <!-- method navigator-link -->
                      </span>
                      <br/>
                      <span>
                        <img src="passed.png" width="3%"/>
                        <a href="#" panel-name="suite-Suite" title="com.MyExitTest.tests.OtherOptionsTest" class="method navigator-link" hash-for-method="BecomeASeller">BecomeASeller</a> <!-- method navigator-link -->
                      </span>
                      <br/>
                      <span>
                        <img src="passed.png" width="3%"/>
                        <a href="#" panel-name="suite-Suite" title="com.MyExitTest.tests.LoginTest" class="method navigator-link" hash-for-method="BlankUserLogIn">BlankUserLogIn</a> <!-- method navigator-link -->
                      </span>
                      <br/>
                      <span>
                        <img src="passed.png" width="3%"/>
                        <a href="#" panel-name="suite-Suite" title="com.MyExitTest.tests.OtherOptionsTest" class="method navigator-link" hash-for-method="ContactUs">ContactUs</a> <!-- method navigator-link -->
                      </span>
                      <br/>
                      <span>
                        <img src="passed.png" width="3%"/>
                        <a href="#" panel-name="suite-Suite" title="com.MyExitTest.tests.OtherOptionsTest" class="method navigator-link" hash-for-method="Exploreplus">Exploreplus</a> <!-- method navigator-link -->
                      </span>
                      <br/>
                      <span>
                        <img src="passed.png" width="3%"/>
                        <a href="#" panel-name="suite-Suite" title="com.MyExitTest.tests.OtherOptionsTest" class="method navigator-link" hash-for-method="Facebook">Facebook</a> <!-- method navigator-link -->
                      </span>
                      <br/>
                      <span>
                        <img src="passed.png" width="3%"/>
                        <a href="#" panel-name="suite-Suite" title="com.MyExitTest.tests.HomeTest" class="method navigator-link" hash-for-method="FlipkartHome">FlipkartHome</a> <!-- method navigator-link -->
                      </span>
                      <br/>
                      <span>
                        <img src="passed.png" width="3%"/>
                        <a href="#" panel-name="suite-Suite" title="com.MyExitTest.tests.OtherOptionsTest" class="method navigator-link" hash-for-method="FlipkartYoutube">FlipkartYoutube</a> <!-- method navigator-link -->
                      </span>
                      <br/>
                      <span>
                        <img src="passed.png" width="3%"/>
                        <a href="#" panel-name="suite-Suite" title="com.MyExitTest.tests.OtherOptionsTest" class="method navigator-link" hash-for-method="HelpCenterFlipkart">HelpCenterFlipkart</a> <!-- method navigator-link -->
                      </span>
                      <br/>
                      <span>
                        <img src="passed.png" width="3%"/>
                        <a href="#" panel-name="suite-Suite" title="com.MyExitTest.tests.LoginTest" class="method navigator-link" hash-for-method="InValidUserLogIn">InValidUserLogIn</a> <!-- method navigator-link -->
                      </span>
                      <br/>
                      <span>
                        <img src="passed.png" width="3%"/>
                        <a href="#" panel-name="suite-Suite" title="com.MyExitTest.tests.OtherOptionsTest" class="method navigator-link" hash-for-method="TopOffers">TopOffers</a> <!-- method navigator-link -->
                      </span>
                      <br/>
                      <span>
                        <img src="passed.png" width="3%"/>
                        <a href="#" panel-name="suite-Suite" title="com.MyExitTest.tests.LoginTest" class="method navigator-link" hash-for-method="ValidUserLoginIn">ValidUserLoginIn</a> <!-- method navigator-link -->
                      </span>
                      <br/>
                    </div> <!-- method-list-content passed suite-Suite -->
                  </li>
                </ul>
              </div> <!-- suite-section-content -->
            </div> <!-- result-section -->
          </div> <!-- navigator-suite-content -->
        </div> <!-- rounded-window -->
      </div> <!-- suite -->
    </div> <!-- navigator-root -->
    <div class="wrapper">
      <div class="main-panel-root">
        <div panel-name="suite-Suite" class="panel Suite">
          <div class="suite-Suite-class-failed">
            <div class="main-panel-header rounded-window-top">
              <img src="failed.png"/>
              <span class="class-name">com.MyExitTest.tests.CartTest</span>
            </div> <!-- main-panel-header rounded-window-top -->
            <div class="main-panel-content rounded-window-bottom">
              <div class="method">
                <div class="method-content">
                  <a name="AddToCart">
                  </a> <!-- AddToCart -->
                  <span class="method-name">AddToCart</span>
                  <div class="stack-trace">java.lang.AssertionError: Assertion on actual and expected title expected [true] but found [false]
	at com.MyExitTest.tests.CartTest.AddToCart(CartTest.java:81)
... Removed 28 stack frames
</div> <!-- stack-trace -->
                </div> <!-- method-content -->
              </div> <!-- method -->
              <div class="method">
                <div class="method-content">
                  <a name="CheckCart">
                  </a> <!-- CheckCart -->
                  <span class="method-name">CheckCart</span>
                  <div class="stack-trace">org.openqa.selenium.ElementNotInteractableException: element not interactable
  (Session info: headless chrome=103.0.5060.114)
Build info: version: &apos;3.141.59&apos;, revision: &apos;e82be7d358&apos;, time: &apos;2018-11-14T08:17:03&apos;
System info: host: &apos;IN-HL5L1J3&apos;, ip: &apos;192.168.88.49&apos;, os.name: &apos;Windows 10&apos;, os.arch: &apos;amd64&apos;, os.version: &apos;10.0&apos;, java.version: &apos;11.0.1&apos;
Driver info: org.openqa.selenium.chrome.ChromeDriver
Capabilities {acceptInsecureCerts: false, browserName: chrome, browserVersion: 103.0.5060.114, chrome: {chromedriverVersion: 102.0.5005.61 (0e59bcc00cc4..., userDataDir: C:\Users\KHUSHI~1\AppData\L...}, goog:chromeOptions: {debuggerAddress: localhost:56213}, javascriptEnabled: true, networkConnectionEnabled: false, pageLoadStrategy: normal, platform: WINDOWS, platformName: WINDOWS, proxy: Proxy(), setWindowRect: true, strictFileInteractability: false, timeouts: {implicit: 0, pageLoad: 300000, script: 30000}, unhandledPromptBehavior: dismiss and notify, webauthn:extension:credBlob: true, webauthn:extension:largeBlob: true, webauthn:virtualAuthenticators: true}
Session ID: 5f1c1be4bbb16e56928928d83aaae63f
	at org.openqa.selenium.remote.http.W3CHttpResponseCodec.createException(W3CHttpResponseCodec.java:187)
	at org.openqa.selenium.remote.http.W3CHttpResponseCodec.decode(W3CHttpResponseCodec.java:122)
	at org.openqa.selenium.remote.http.W3CHttpResponseCodec.decode(W3CHttpResponseCodec.java:49)
	at org.openqa.selenium.remote.HttpCommandExecutor.execute(HttpCommandExecutor.java:158)
	at org.openqa.selenium.remote.service.DriverCommandExecutor.execute(DriverCommandExecutor.java:83)
	at org.openqa.selenium.remote.RemoteWebDriver.execute(RemoteWebDriver.java:552)
	at org.openqa.selenium.remote.RemoteWebElement.execute(RemoteWebElement.java:285)
	at org.openqa.selenium.remote.RemoteWebElement.click(RemoteWebElement.java:84)
	at org.openqa.selenium.support.pagefactory.internal.LocatingElementHandler.invoke(LocatingElementHandler.java:51)
	at com.sun.proxy.$Proxy28.click(Unknown Source)
	at com.MyExitTest.pages.CartPage.shoppingCart(CartPage.java:46)
	at com.MyExitTest.tests.CartTest.CheckCart(CartTest.java:38)
... Removed 33 stack frames
</div> <!-- stack-trace -->
                </div> <!-- method-content -->
              </div> <!-- method -->
            </div> <!-- main-panel-content rounded-window-bottom -->
          </div> <!-- suite-Suite-class-failed -->
          <div class="suite-Suite-class-failed">
            <div class="main-panel-header rounded-window-top">
              <img src="failed.png"/>
              <span class="class-name">com.MyExitTest.tests.SearchboxTest</span>
            </div> <!-- main-panel-header rounded-window-top -->
            <div class="main-panel-content rounded-window-bottom">
              <div class="method">
                <div class="method-content">
                  <a name="Searchbox">
                  </a> <!-- Searchbox -->
                  <span class="method-name">Searchbox</span>
                  <div class="stack-trace">java.lang.AssertionError: Assertion on actual and expected title expected [true] but found [false]
	at com.MyExitTest.tests.SearchboxTest.Searchbox(SearchboxTest.java:46)
... Removed 28 stack frames
</div> <!-- stack-trace -->
                </div> <!-- method-content -->
              </div> <!-- method -->
            </div> <!-- main-panel-content rounded-window-bottom -->
          </div> <!-- suite-Suite-class-failed -->
          <div class="suite-Suite-class-failed">
            <div class="main-panel-header rounded-window-top">
              <img src="failed.png"/>
              <span class="class-name">com.MyExitTest.tests.OtherOptionsTest</span>
            </div> <!-- main-panel-header rounded-window-top -->
            <div class="main-panel-content rounded-window-bottom">
              <div class="method">
                <div class="method-content">
                  <a name="DownloadApp">
                  </a> <!-- DownloadApp -->
                  <span class="method-name">DownloadApp</span>
                  <div class="stack-trace">org.openqa.selenium.ElementClickInterceptedException: element click intercepted: Element is not clickable at point (931, 28)
  (Session info: headless chrome=103.0.5060.114)
Build info: version: &apos;3.141.59&apos;, revision: &apos;e82be7d358&apos;, time: &apos;2018-11-14T08:17:03&apos;
System info: host: &apos;IN-HL5L1J3&apos;, ip: &apos;192.168.88.49&apos;, os.name: &apos;Windows 10&apos;, os.arch: &apos;amd64&apos;, os.version: &apos;10.0&apos;, java.version: &apos;11.0.1&apos;
Driver info: org.openqa.selenium.chrome.ChromeDriver
Capabilities {acceptInsecureCerts: false, browserName: chrome, browserVersion: 103.0.5060.114, chrome: {chromedriverVersion: 102.0.5005.61 (0e59bcc00cc4..., userDataDir: C:\Users\KHUSHI~1\AppData\L...}, goog:chromeOptions: {debuggerAddress: localhost:56893}, javascriptEnabled: true, networkConnectionEnabled: false, pageLoadStrategy: normal, platform: WINDOWS, platformName: WINDOWS, proxy: Proxy(), setWindowRect: true, strictFileInteractability: false, timeouts: {implicit: 0, pageLoad: 300000, script: 30000}, unhandledPromptBehavior: dismiss and notify, webauthn:extension:credBlob: true, webauthn:extension:largeBlob: true, webauthn:virtualAuthenticators: true}
Session ID: 6b83d230ed3e239d7882e702b0477875
	at org.openqa.selenium.remote.http.W3CHttpResponseCodec.createException(W3CHttpResponseCodec.java:187)
	at org.openqa.selenium.remote.http.W3CHttpResponseCodec.decode(W3CHttpResponseCodec.java:122)
	at org.openqa.selenium.remote.http.W3CHttpResponseCodec.decode(W3CHttpResponseCodec.java:49)
	at org.openqa.selenium.remote.HttpCommandExecutor.execute(HttpCommandExecutor.java:158)
	at org.openqa.selenium.remote.service.DriverCommandExecutor.execute(DriverCommandExecutor.java:83)
	at org.openqa.selenium.remote.RemoteWebDriver.execute(RemoteWebDriver.java:552)
	at org.openqa.selenium.remote.RemoteWebElement.execute(RemoteWebElement.java:285)
	at org.openqa.selenium.remote.RemoteWebElement.click(RemoteWebElement.java:84)
	at org.openqa.selenium.support.pagefactory.internal.LocatingElementHandler.invoke(LocatingElementHandler.java:51)
	at com.sun.proxy.$Proxy28.click(Unknown Source)
	at com.MyExitTest.pages.OtherOptionsPage.MoreOPtion(OtherOptionsPage.java:134)
	at com.MyExitTest.tests.OtherOptionsTest.DownloadApp(OtherOptionsTest.java:321)
... Removed 32 stack frames
</div> <!-- stack-trace -->
                </div> <!-- method-content -->
              </div> <!-- method -->
              <div class="method">
                <div class="method-content">
                  <a name="GiftCards">
                  </a> <!-- GiftCards -->
                  <span class="method-name">GiftCards</span>
                  <div class="stack-trace">java.lang.AssertionError: Assertion on actual and expected title expected [true] but found [false]
	at com.MyExitTest.tests.OtherOptionsTest.GiftCards(OtherOptionsTest.java:361)
... Removed 28 stack frames
</div> <!-- stack-trace -->
                </div> <!-- method-content -->
              </div> <!-- method -->
              <div class="method">
                <div class="method-content">
                  <a name="NotificationPreferences">
                  </a> <!-- NotificationPreferences -->
                  <span class="method-name">NotificationPreferences</span>
                  <div class="stack-trace">org.openqa.selenium.ElementClickInterceptedException: element click intercepted: Element is not clickable at point (931, 28)
  (Session info: headless chrome=103.0.5060.114)
Build info: version: &apos;3.141.59&apos;, revision: &apos;e82be7d358&apos;, time: &apos;2018-11-14T08:17:03&apos;
System info: host: &apos;IN-HL5L1J3&apos;, ip: &apos;192.168.88.49&apos;, os.name: &apos;Windows 10&apos;, os.arch: &apos;amd64&apos;, os.version: &apos;10.0&apos;, java.version: &apos;11.0.1&apos;
Driver info: org.openqa.selenium.chrome.ChromeDriver
Capabilities {acceptInsecureCerts: false, browserName: chrome, browserVersion: 103.0.5060.114, chrome: {chromedriverVersion: 102.0.5005.61 (0e59bcc00cc4..., userDataDir: C:\Users\KHUSHI~1\AppData\L...}, goog:chromeOptions: {debuggerAddress: localhost:56857}, javascriptEnabled: true, networkConnectionEnabled: false, pageLoadStrategy: normal, platform: WINDOWS, platformName: WINDOWS, proxy: Proxy(), setWindowRect: true, strictFileInteractability: false, timeouts: {implicit: 0, pageLoad: 300000, script: 30000}, unhandledPromptBehavior: dismiss and notify, webauthn:extension:credBlob: true, webauthn:extension:largeBlob: true, webauthn:virtualAuthenticators: true}
Session ID: 2a8c35870f64827c3be30fe28ef19f1f
	at org.openqa.selenium.remote.http.W3CHttpResponseCodec.createException(W3CHttpResponseCodec.java:187)
	at org.openqa.selenium.remote.http.W3CHttpResponseCodec.decode(W3CHttpResponseCodec.java:122)
	at org.openqa.selenium.remote.http.W3CHttpResponseCodec.decode(W3CHttpResponseCodec.java:49)
	at org.openqa.selenium.remote.HttpCommandExecutor.execute(HttpCommandExecutor.java:158)
	at org.openqa.selenium.remote.service.DriverCommandExecutor.execute(DriverCommandExecutor.java:83)
	at org.openqa.selenium.remote.RemoteWebDriver.execute(RemoteWebDriver.java:552)
	at org.openqa.selenium.remote.RemoteWebElement.execute(RemoteWebElement.java:285)
	at org.openqa.selenium.remote.RemoteWebElement.click(RemoteWebElement.java:84)
	at org.openqa.selenium.support.pagefactory.internal.LocatingElementHandler.invoke(LocatingElementHandler.java:51)
	at com.sun.proxy.$Proxy28.click(Unknown Source)
	at com.MyExitTest.pages.OtherOptionsPage.MoreOPtion(OtherOptionsPage.java:134)
	at com.MyExitTest.tests.OtherOptionsTest.NotificationPreferences(OtherOptionsTest.java:288)
... Removed 32 stack frames
</div> <!-- stack-trace -->
                </div> <!-- method-content -->
              </div> <!-- method -->
            </div> <!-- main-panel-content rounded-window-bottom -->
          </div> <!-- suite-Suite-class-failed -->
          <div class="suite-Suite-class-failed">
            <div class="main-panel-header rounded-window-top">
              <img src="failed.png"/>
              <span class="class-name">com.MyExitTest.tests.TravelTest</span>
            </div> <!-- main-panel-header rounded-window-top -->
            <div class="main-panel-content rounded-window-bottom">
              <div class="method">
                <div class="method-content">
                  <a name="Travel">
                  </a> <!-- Travel -->
                  <span class="method-name">Travel</span>
                  <div class="stack-trace">org.openqa.selenium.ElementClickInterceptedException: element click intercepted: Element &lt;img class=&quot;_396cs4  _3exPp9&quot; alt=&quot;Travel&quot; src=&quot;https://rukminim1.flixcart.com/flap/128/128/image/71050627a56b4693.png?q=100&quot;&gt; is not clickable at point (622, 100). Other element would receive the click: &lt;input autocomplete=&quot;off&quot; type=&quot;text&quot; class=&quot;_2IX_2- _3umUoc _2LYh3d VJZDxU&quot; value=&quot;8.178671094E9&quot;&gt;
  (Session info: headless chrome=103.0.5060.114)
Build info: version: &apos;3.141.59&apos;, revision: &apos;e82be7d358&apos;, time: &apos;2018-11-14T08:17:03&apos;
System info: host: &apos;IN-HL5L1J3&apos;, ip: &apos;192.168.88.49&apos;, os.name: &apos;Windows 10&apos;, os.arch: &apos;amd64&apos;, os.version: &apos;10.0&apos;, java.version: &apos;11.0.1&apos;
Driver info: org.openqa.selenium.chrome.ChromeDriver
Capabilities {acceptInsecureCerts: false, browserName: chrome, browserVersion: 103.0.5060.114, chrome: {chromedriverVersion: 102.0.5005.61 (0e59bcc00cc4..., userDataDir: C:\Users\KHUSHI~1\AppData\L...}, goog:chromeOptions: {debuggerAddress: localhost:56343}, javascriptEnabled: true, networkConnectionEnabled: false, pageLoadStrategy: normal, platform: WINDOWS, platformName: WINDOWS, proxy: Proxy(), setWindowRect: true, strictFileInteractability: false, timeouts: {implicit: 0, pageLoad: 300000, script: 30000}, unhandledPromptBehavior: dismiss and notify, webauthn:extension:credBlob: true, webauthn:extension:largeBlob: true, webauthn:virtualAuthenticators: true}
Session ID: e59c03c656022fc4c2caf7af2dab05a6
	at org.openqa.selenium.remote.http.W3CHttpResponseCodec.createException(W3CHttpResponseCodec.java:187)
	at org.openqa.selenium.remote.http.W3CHttpResponseCodec.decode(W3CHttpResponseCodec.java:122)
	at org.openqa.selenium.remote.http.W3CHttpResponseCodec.decode(W3CHttpResponseCodec.java:49)
	at org.openqa.selenium.remote.HttpCommandExecutor.execute(HttpCommandExecutor.java:158)
	at org.openqa.selenium.remote.service.DriverCommandExecutor.execute(DriverCommandExecutor.java:83)
	at org.openqa.selenium.remote.RemoteWebDriver.execute(RemoteWebDriver.java:552)
	at org.openqa.selenium.remote.RemoteWebElement.execute(RemoteWebElement.java:285)
	at org.openqa.selenium.remote.RemoteWebElement.click(RemoteWebElement.java:84)
	at org.openqa.selenium.support.pagefactory.internal.LocatingElementHandler.invoke(LocatingElementHandler.java:51)
	at com.sun.proxy.$Proxy28.click(Unknown Source)
	at com.MyExitTest.pages.TravelPage.Travel(TravelPage.java:34)
	at com.MyExitTest.tests.TravelTest.Travel(TravelTest.java:41)
... Removed 33 stack frames
</div> <!-- stack-trace -->
                </div> <!-- method-content -->
              </div> <!-- method -->
            </div> <!-- main-panel-content rounded-window-bottom -->
          </div> <!-- suite-Suite-class-failed -->
          <div class="suite-Suite-class-passed">
            <div class="main-panel-header rounded-window-top">
              <img src="passed.png"/>
              <span class="class-name">com.MyExitTest.tests.OtherOptionsTest</span>
            </div> <!-- main-panel-header rounded-window-top -->
            <div class="main-panel-content rounded-window-bottom">
              <div class="method">
                <div class="method-content">
                  <a name="AboutUs">
                  </a> <!-- AboutUs -->
                  <span class="method-name">AboutUs</span>
                </div> <!-- method-content -->
              </div> <!-- method -->
              <div class="method">
                <div class="method-content">
                  <a name="Advertise">
                  </a> <!-- Advertise -->
                  <span class="method-name">Advertise</span>
                </div> <!-- method-content -->
              </div> <!-- method -->
              <div class="method">
                <div class="method-content">
                  <a name="BecomeASeller">
                  </a> <!-- BecomeASeller -->
                  <span class="method-name">BecomeASeller</span>
                </div> <!-- method-content -->
              </div> <!-- method -->
              <div class="method">
                <div class="method-content">
                  <a name="ContactUs">
                  </a> <!-- ContactUs -->
                  <span class="method-name">ContactUs</span>
                </div> <!-- method-content -->
              </div> <!-- method -->
              <div class="method">
                <div class="method-content">
                  <a name="Exploreplus">
                  </a> <!-- Exploreplus -->
                  <span class="method-name">Exploreplus</span>
                </div> <!-- method-content -->
              </div> <!-- method -->
              <div class="method">
                <div class="method-content">
                  <a name="Facebook">
                  </a> <!-- Facebook -->
                  <span class="method-name">Facebook</span>
                </div> <!-- method-content -->
              </div> <!-- method -->
              <div class="method">
                <div class="method-content">
                  <a name="FlipkartYoutube">
                  </a> <!-- FlipkartYoutube -->
                  <span class="method-name">FlipkartYoutube</span>
                </div> <!-- method-content -->
              </div> <!-- method -->
              <div class="method">
                <div class="method-content">
                  <a name="HelpCenterFlipkart">
                  </a> <!-- HelpCenterFlipkart -->
                  <span class="method-name">HelpCenterFlipkart</span>
                </div> <!-- method-content -->
              </div> <!-- method -->
              <div class="method">
                <div class="method-content">
                  <a name="TopOffers">
                  </a> <!-- TopOffers -->
                  <span class="method-name">TopOffers</span>
                </div> <!-- method-content -->
              </div> <!-- method -->
            </div> <!-- main-panel-content rounded-window-bottom -->
          </div> <!-- suite-Suite-class-passed -->
          <div class="suite-Suite-class-passed">
            <div class="main-panel-header rounded-window-top">
              <img src="passed.png"/>
              <span class="class-name">com.MyExitTest.tests.LoginTest</span>
            </div> <!-- main-panel-header rounded-window-top -->
            <div class="main-panel-content rounded-window-bottom">
              <div class="method">
                <div class="method-content">
                  <a name="BlankUserLogIn">
                  </a> <!-- BlankUserLogIn -->
                  <span class="method-name">BlankUserLogIn</span>
                </div> <!-- method-content -->
              </div> <!-- method -->
              <div class="method">
                <div class="method-content">
                  <a name="InValidUserLogIn">
                  </a> <!-- InValidUserLogIn -->
                  <span class="method-name">InValidUserLogIn</span>
                </div> <!-- method-content -->
              </div> <!-- method -->
              <div class="method">
                <div class="method-content">
                  <a name="ValidUserLoginIn">
                  </a> <!-- ValidUserLoginIn -->
                  <span class="method-name">ValidUserLoginIn</span>
                </div> <!-- method-content -->
              </div> <!-- method -->
            </div> <!-- main-panel-content rounded-window-bottom -->
          </div> <!-- suite-Suite-class-passed -->
          <div class="suite-Suite-class-passed">
            <div class="main-panel-header rounded-window-top">
              <img src="passed.png"/>
              <span class="class-name">com.MyExitTest.tests.HomeTest</span>
            </div> <!-- main-panel-header rounded-window-top -->
            <div class="main-panel-content rounded-window-bottom">
              <div class="method">
                <div class="method-content">
                  <a name="FlipkartHome">
                  </a> <!-- FlipkartHome -->
                  <span class="method-name">FlipkartHome</span>
                </div> <!-- method-content -->
              </div> <!-- method -->
            </div> <!-- main-panel-content rounded-window-bottom -->
          </div> <!-- suite-Suite-class-passed -->
        </div> <!-- panel Suite -->
        <div panel-name="test-xml-Suite" class="panel">
          <div class="main-panel-header rounded-window-top">
            <span class="header-content">C:\Users\khushipatel\git\FlipkartAutomationSuite\MyExitTest\testng.xml</span>
          </div> <!-- main-panel-header rounded-window-top -->
          <div class="main-panel-content rounded-window-bottom">
            <pre>
&lt;?xml version=&quot;1.0&quot; encoding=&quot;UTF-8&quot;?&gt;
&lt;!DOCTYPE suite SYSTEM &quot;http://testng.org/testng-1.0.dtd&quot;&gt;
&lt;suite name=&quot;Suite&quot; guice-stage=&quot;DEVELOPMENT&quot;&gt;
  &lt;test thread-count=&quot;5&quot; name=&quot;Test&quot;&gt;
    &lt;groups&gt;
      &lt;run&gt;
        &lt;include name=&quot;sanity&quot;/&gt;
      &lt;/run&gt;
    &lt;/groups&gt;
    &lt;classes&gt;
      &lt;class name=&quot;com.MyExitTest.tests.LoginTest&quot;/&gt;
      &lt;class name=&quot;com.MyExitTest.tests.HomeTest&quot;/&gt;
      &lt;class name=&quot;com.MyExitTest.tests.CartTest&quot;/&gt;
      &lt;class name=&quot;com.MyExitTest.tests.SearchboxTest&quot;/&gt;
      &lt;class name=&quot;com.MyExitTest.tests.TravelTest&quot;/&gt;
      &lt;class name=&quot;com.MyExitTest.tests.OtherOptionsTest&quot;/&gt;
    &lt;/classes&gt;
  &lt;/test&gt; &lt;!-- Test --&gt;
&lt;/suite&gt; &lt;!-- Suite --&gt;
            </pre>
          </div> <!-- main-panel-content rounded-window-bottom -->
        </div> <!-- panel -->
        <div panel-name="testlist-Suite" class="panel">
          <div class="main-panel-header rounded-window-top">
            <span class="header-content">Tests for Suite</span>
          </div> <!-- main-panel-header rounded-window-top -->
          <div class="main-panel-content rounded-window-bottom">
            <ul>
              <li>
                <span class="test-name">Test (6 classes)</span>
              </li>
            </ul>
          </div> <!-- main-panel-content rounded-window-bottom -->
        </div> <!-- panel -->
        <div panel-name="group-Suite" class="panel">
          <div class="main-panel-header rounded-window-top">
            <span class="header-content">Groups for Suite</span>
          </div> <!-- main-panel-header rounded-window-top -->
          <div class="main-panel-content rounded-window-bottom">
            <div class="test-group">
              <span class="test-group-name">invalid</span>
              <br/>
              <div class="method-in-group">
                <span class="method-in-group-name">AboutUs</span>
                <br/>
              </div> <!-- method-in-group -->
              <div class="method-in-group">
                <span class="method-in-group-name">AddToCart</span>
                <br/>
              </div> <!-- method-in-group -->
              <div class="method-in-group">
                <span class="method-in-group-name">Advertise</span>
                <br/>
              </div> <!-- method-in-group -->
              <div class="method-in-group">
                <span class="method-in-group-name">BecomeASeller</span>
                <br/>
              </div> <!-- method-in-group -->
              <div class="method-in-group">
                <span class="method-in-group-name">BlankUserLogIn</span>
                <br/>
              </div> <!-- method-in-group -->
              <div class="method-in-group">
                <span class="method-in-group-name">CheckCart</span>
                <br/>
              </div> <!-- method-in-group -->
              <div class="method-in-group">
                <span class="method-in-group-name">ContactUs</span>
                <br/>
              </div> <!-- method-in-group -->
              <div class="method-in-group">
                <span class="method-in-group-name">DownloadApp</span>
                <br/>
              </div> <!-- method-in-group -->
              <div class="method-in-group">
                <span class="method-in-group-name">Exploreplus</span>
                <br/>
              </div> <!-- method-in-group -->
              <div class="method-in-group">
                <span class="method-in-group-name">Facebook</span>
                <br/>
              </div> <!-- method-in-group -->
              <div class="method-in-group">
                <span class="method-in-group-name">FlipkartHome</span>
                <br/>
              </div> <!-- method-in-group -->
              <div class="method-in-group">
                <span class="method-in-group-name">FlipkartYoutube</span>
                <br/>
              </div> <!-- method-in-group -->
              <div class="method-in-group">
                <span class="method-in-group-name">GiftCards</span>
                <br/>
              </div> <!-- method-in-group -->
              <div class="method-in-group">
                <span class="method-in-group-name">HelpCenterFlipkart</span>
                <br/>
              </div> <!-- method-in-group -->
              <div class="method-in-group">
                <span class="method-in-group-name">InValidUserLogIn</span>
                <br/>
              </div> <!-- method-in-group -->
              <div class="method-in-group">
                <span class="method-in-group-name">NotificationPreferences</span>
                <br/>
              </div> <!-- method-in-group -->
              <div class="method-in-group">
                <span class="method-in-group-name">Searchbox</span>
                <br/>
              </div> <!-- method-in-group -->
              <div class="method-in-group">
                <span class="method-in-group-name">TopOffers</span>
                <br/>
              </div> <!-- method-in-group -->
              <div class="method-in-group">
                <span class="method-in-group-name">Travel</span>
                <br/>
              </div> <!-- method-in-group -->
              <div class="method-in-group">
                <span class="method-in-group-name">ValidUserLoginIn</span>
                <br/>
              </div> <!-- method-in-group -->
            </div> <!-- test-group -->
            <div class="test-group">
              <span class="test-group-name">sanity</span>
              <br/>
              <div class="method-in-group">
                <span class="method-in-group-name">AboutUs</span>
                <br/>
              </div> <!-- method-in-group -->
              <div class="method-in-group">
                <span class="method-in-group-name">AddToCart</span>
                <br/>
              </div> <!-- method-in-group -->
              <div class="method-in-group">
                <span class="method-in-group-name">Advertise</span>
                <br/>
              </div> <!-- method-in-group -->
              <div class="method-in-group">
                <span class="method-in-group-name">BecomeASeller</span>
                <br/>
              </div> <!-- method-in-group -->
              <div class="method-in-group">
                <span class="method-in-group-name">BlankUserLogIn</span>
                <br/>
              </div> <!-- method-in-group -->
              <div class="method-in-group">
                <span class="method-in-group-name">CheckCart</span>
                <br/>
              </div> <!-- method-in-group -->
              <div class="method-in-group">
                <span class="method-in-group-name">ContactUs</span>
                <br/>
              </div> <!-- method-in-group -->
              <div class="method-in-group">
                <span class="method-in-group-name">DownloadApp</span>
                <br/>
              </div> <!-- method-in-group -->
              <div class="method-in-group">
                <span class="method-in-group-name">Exploreplus</span>
                <br/>
              </div> <!-- method-in-group -->
              <div class="method-in-group">
                <span class="method-in-group-name">Facebook</span>
                <br/>
              </div> <!-- method-in-group -->
              <div class="method-in-group">
                <span class="method-in-group-name">FlipkartHome</span>
                <br/>
              </div> <!-- method-in-group -->
              <div class="method-in-group">
                <span class="method-in-group-name">FlipkartYoutube</span>
                <br/>
              </div> <!-- method-in-group -->
              <div class="method-in-group">
                <span class="method-in-group-name">GiftCards</span>
                <br/>
              </div> <!-- method-in-group -->
              <div class="method-in-group">
                <span class="method-in-group-name">HelpCenterFlipkart</span>
                <br/>
              </div> <!-- method-in-group -->
              <div class="method-in-group">
                <span class="method-in-group-name">InValidUserLogIn</span>
                <br/>
              </div> <!-- method-in-group -->
              <div class="method-in-group">
                <span class="method-in-group-name">NotificationPreferences</span>
                <br/>
              </div> <!-- method-in-group -->
              <div class="method-in-group">
                <span class="method-in-group-name">Searchbox</span>
                <br/>
              </div> <!-- method-in-group -->
              <div class="method-in-group">
                <span class="method-in-group-name">TopOffers</span>
                <br/>
              </div> <!-- method-in-group -->
              <div class="method-in-group">
                <span class="method-in-group-name">Travel</span>
                <br/>
              </div> <!-- method-in-group -->
              <div class="method-in-group">
                <span class="method-in-group-name">ValidUserLoginIn</span>
                <br/>
              </div> <!-- method-in-group -->
            </div> <!-- test-group -->
          </div> <!-- main-panel-content rounded-window-bottom -->
        </div> <!-- panel -->
        <div panel-name="times-Suite" class="panel">
          <div class="main-panel-header rounded-window-top">
            <span class="header-content">Times for Suite</span>
          </div> <!-- main-panel-header rounded-window-top -->
          <div class="main-panel-content rounded-window-bottom">
            <div class="times-div">
              <script type="text/javascript">
suiteTableInitFunctions.push('tableData_Suite');
function tableData_Suite() {
var data = new google.visualization.DataTable();
data.addColumn('number', 'Number');
data.addColumn('string', 'Method');
data.addColumn('string', 'Class');
data.addColumn('number', 'Time (ms)');
data.addRows(20);
data.setCell(0, 0, 0)
data.setCell(0, 1, 'BecomeASeller')
data.setCell(0, 2, 'com.MyExitTest.tests.OtherOptionsTest')
data.setCell(0, 3, 8940);
data.setCell(1, 0, 1)
data.setCell(1, 1, 'Advertise')
data.setCell(1, 2, 'com.MyExitTest.tests.OtherOptionsTest')
data.setCell(1, 3, 8606);
data.setCell(2, 0, 2)
data.setCell(2, 1, 'HelpCenterFlipkart')
data.setCell(2, 2, 'com.MyExitTest.tests.OtherOptionsTest')
data.setCell(2, 3, 7062);
data.setCell(3, 0, 3)
data.setCell(3, 1, 'AddToCart')
data.setCell(3, 2, 'com.MyExitTest.tests.CartTest')
data.setCell(3, 3, 6979);
data.setCell(4, 0, 4)
data.setCell(4, 1, 'FlipkartYoutube')
data.setCell(4, 2, 'com.MyExitTest.tests.OtherOptionsTest')
data.setCell(4, 3, 5269);
data.setCell(5, 0, 5)
data.setCell(5, 1, 'Facebook')
data.setCell(5, 2, 'com.MyExitTest.tests.OtherOptionsTest')
data.setCell(5, 3, 4465);
data.setCell(6, 0, 6)
data.setCell(6, 1, 'TopOffers')
data.setCell(6, 2, 'com.MyExitTest.tests.OtherOptionsTest')
data.setCell(6, 3, 4191);
data.setCell(7, 0, 7)
data.setCell(7, 1, 'Travel')
data.setCell(7, 2, 'com.MyExitTest.tests.TravelTest')
data.setCell(7, 3, 3457);
data.setCell(8, 0, 8)
data.setCell(8, 1, 'ContactUs')
data.setCell(8, 2, 'com.MyExitTest.tests.OtherOptionsTest')
data.setCell(8, 3, 3399);
data.setCell(9, 0, 9)
data.setCell(9, 1, 'NotificationPreferences')
data.setCell(9, 2, 'com.MyExitTest.tests.OtherOptionsTest')
data.setCell(9, 3, 3234);
data.setCell(10, 0, 10)
data.setCell(10, 1, 'GiftCards')
data.setCell(10, 2, 'com.MyExitTest.tests.OtherOptionsTest')
data.setCell(10, 3, 3144);
data.setCell(11, 0, 11)
data.setCell(11, 1, 'AboutUs')
data.setCell(11, 2, 'com.MyExitTest.tests.OtherOptionsTest')
data.setCell(11, 3, 2959);
data.setCell(12, 0, 12)
data.setCell(12, 1, 'Searchbox')
data.setCell(12, 2, 'com.MyExitTest.tests.SearchboxTest')
data.setCell(12, 3, 2336);
data.setCell(13, 0, 13)
data.setCell(13, 1, 'Exploreplus')
data.setCell(13, 2, 'com.MyExitTest.tests.OtherOptionsTest')
data.setCell(13, 3, 2205);
data.setCell(14, 0, 14)
data.setCell(14, 1, 'FlipkartHome')
data.setCell(14, 2, 'com.MyExitTest.tests.HomeTest')
data.setCell(14, 3, 2172);
data.setCell(15, 0, 15)
data.setCell(15, 1, 'DownloadApp')
data.setCell(15, 2, 'com.MyExitTest.tests.OtherOptionsTest')
data.setCell(15, 3, 1234);
data.setCell(16, 0, 16)
data.setCell(16, 1, 'CheckCart')
data.setCell(16, 2, 'com.MyExitTest.tests.CartTest')
data.setCell(16, 3, 389);
data.setCell(17, 0, 17)
data.setCell(17, 1, 'InValidUserLogIn')
data.setCell(17, 2, 'com.MyExitTest.tests.LoginTest')
data.setCell(17, 3, 302);
data.setCell(18, 0, 18)
data.setCell(18, 1, 'ValidUserLoginIn')
data.setCell(18, 2, 'com.MyExitTest.tests.LoginTest')
data.setCell(18, 3, 296);
data.setCell(19, 0, 19)
data.setCell(19, 1, 'BlankUserLogIn')
data.setCell(19, 2, 'com.MyExitTest.tests.LoginTest')
data.setCell(19, 3, 270);
window.suiteTableData['Suite']= { tableData: data, tableDiv: 'times-div-Suite'}
return data;
}
              </script>
              <span class="suite-total-time">Total running time: 1 minutes</span>
              <div id="times-div-Suite">
              </div> <!-- times-div-Suite -->
            </div> <!-- times-div -->
          </div> <!-- main-panel-content rounded-window-bottom -->
        </div> <!-- panel -->
        <div panel-name="reporter-Suite" class="panel">
          <div class="main-panel-header rounded-window-top">
            <span class="header-content">Reporter output for Suite</span>
          </div> <!-- main-panel-header rounded-window-top -->
          <div class="main-panel-content rounded-window-bottom">
          </div> <!-- main-panel-content rounded-window-bottom -->
        </div> <!-- panel -->
        <div panel-name="ignored-methods-Suite" class="panel">
          <div class="main-panel-header rounded-window-top">
            <span class="header-content">10 ignored methods</span>
          </div> <!-- main-panel-header rounded-window-top -->
          <div class="main-panel-content rounded-window-bottom">
            <div class="ignored-class-div">
              <span class="ignored-class-name">com.MyExitTest.tests.CartTest</span>
              <div class="ignored-methods-div">
                <span class="ignored-method-name">setExtent</span>
                <br/>
                <span class="ignored-method-name">endReport</span>
                <br/>
              </div> <!-- ignored-methods-div -->
            </div> <!-- ignored-class-div -->
            <div class="ignored-class-div">
              <span class="ignored-class-name">com.MyExitTest.tests.SearchboxTest</span>
              <div class="ignored-methods-div">
                <span class="ignored-method-name">setExtent</span>
                <br/>
                <span class="ignored-method-name">endReport</span>
                <br/>
              </div> <!-- ignored-methods-div -->
            </div> <!-- ignored-class-div -->
            <div class="ignored-class-div">
              <span class="ignored-class-name">com.MyExitTest.tests.OtherOptionsTest</span>
              <div class="ignored-methods-div">
                <span class="ignored-method-name">setExtent</span>
                <br/>
                <span class="ignored-method-name">endReport</span>
                <br/>
              </div> <!-- ignored-methods-div -->
            </div> <!-- ignored-class-div -->
            <div class="ignored-class-div">
              <span class="ignored-class-name">com.MyExitTest.tests.HomeTest</span>
              <div class="ignored-methods-div">
                <span class="ignored-method-name">setExtent</span>
                <br/>
                <span class="ignored-method-name">endReport</span>
                <br/>
              </div> <!-- ignored-methods-div -->
            </div> <!-- ignored-class-div -->
            <div class="ignored-class-div">
              <span class="ignored-class-name">com.MyExitTest.tests.TravelTest</span>
              <div class="ignored-methods-div">
                <span class="ignored-method-name">setExtent</span>
                <br/>
                <span class="ignored-method-name">endReport</span>
                <br/>
              </div> <!-- ignored-methods-div -->
            </div> <!-- ignored-class-div -->
          </div> <!-- main-panel-content rounded-window-bottom -->
        </div> <!-- panel -->
        <div panel-name="chronological-Suite" class="panel">
          <div class="main-panel-header rounded-window-top">
            <span class="header-content">Methods in chronological order</span>
          </div> <!-- main-panel-header rounded-window-top -->
          <div class="main-panel-content rounded-window-bottom">
            <div class="chronological-class">
              <div class="chronological-class-name">com.MyExitTest.tests.LoginTest</div> <!-- chronological-class-name -->
              <div class="configuration-suite before">
                <span class="method-name">setExtent</span>
                <span class="method-start">0 ms</span>
              </div> <!-- configuration-suite before -->
              <div class="configuration-method before">
                <span class="method-name">intializeDriver</span>
                <span class="method-start">68 ms</span>
              </div> <!-- configuration-method before -->
              <div class="configuration-method before">
                <span class="method-name">openUrl</span>
                <span class="method-start">1496 ms</span>
              </div> <!-- configuration-method before -->
              <div class="configuration-method before">
                <span class="method-name">startTest(public static void com.MyExitTest.tests.LoginTest.ValidUserLoginIn() throws java.lang.InterruptedExc...)</span>
                <span class="method-start">4410 ms</span>
              </div> <!-- configuration-method before -->
              <div class="test-method">
                <span class="method-name">ValidUserLoginIn</span>
                <span class="method-start">4415 ms</span>
              </div> <!-- test-method -->
              <div class="configuration-method after">
                <span class="method-name">resultTest([TestResult name=ValidUserLoginIn status=SUCCESS method=LoginTest.ValidUserLoginIn()[pri:1, instance...)</span>
                <span class="method-start">4713 ms</span>
              </div> <!-- configuration-method after -->
              <div class="configuration-method after">
                <span class="method-name">testclose</span>
                <span class="method-start">4715 ms</span>
              </div> <!-- configuration-method after -->
              <div class="configuration-method before">
                <span class="method-name">intializeDriver</span>
                <span class="method-start">4827 ms</span>
              </div> <!-- configuration-method before -->
              <div class="configuration-method before">
                <span class="method-name">openUrl</span>
                <span class="method-start">5995 ms</span>
              </div> <!-- configuration-method before -->
              <div class="configuration-method before">
                <span class="method-name">startTest(public void com.MyExitTest.tests.LoginTest.InValidUserLogIn())</span>
                <span class="method-start">9257 ms</span>
              </div> <!-- configuration-method before -->
              <div class="test-method">
                <span class="method-name">InValidUserLogIn</span>
                <span class="method-start">9258 ms</span>
              </div> <!-- test-method -->
              <div class="configuration-method after">
                <span class="method-name">resultTest([TestResult name=InValidUserLogIn status=SUCCESS method=LoginTest.InValidUserLogIn()[pri:2, instance...)</span>
                <span class="method-start">9560 ms</span>
              </div> <!-- configuration-method after -->
              <div class="configuration-method after">
                <span class="method-name">testclose</span>
                <span class="method-start">9562 ms</span>
              </div> <!-- configuration-method after -->
              <div class="configuration-method before">
                <span class="method-name">intializeDriver</span>
                <span class="method-start">9658 ms</span>
              </div> <!-- configuration-method before -->
              <div class="configuration-method before">
                <span class="method-name">openUrl</span>
                <span class="method-start">10833 ms</span>
              </div> <!-- configuration-method before -->
              <div class="configuration-method before">
                <span class="method-name">startTest(public void com.MyExitTest.tests.LoginTest.BlankUserLogIn())</span>
                <span class="method-start">13952 ms</span>
              </div> <!-- configuration-method before -->
              <div class="test-method">
                <span class="method-name">BlankUserLogIn</span>
                <span class="method-start">13953 ms</span>
              </div> <!-- test-method -->
              <div class="configuration-method after">
                <span class="method-name">resultTest([TestResult name=BlankUserLogIn status=SUCCESS method=LoginTest.BlankUserLogIn()[pri:3, instance:com...)</span>
                <span class="method-start">14224 ms</span>
              </div> <!-- configuration-method after -->
              <div class="configuration-method after">
                <span class="method-name">testclose</span>
                <span class="method-start">14224 ms</span>
              </div> <!-- configuration-method after -->
            </div> <!-- chronological-class -->
            <div class="chronological-class">
              <div class="chronological-class-name">com.MyExitTest.tests.HomeTest</div> <!-- chronological-class-name -->
              <div class="configuration-method before">
                <span class="method-name">intializeDriver</span>
                <span class="method-start">14351 ms</span>
              </div> <!-- configuration-method before -->
              <div class="configuration-method before">
                <span class="method-name">openUrl</span>
                <span class="method-start">15531 ms</span>
              </div> <!-- configuration-method before -->
              <div class="configuration-method before">
                <span class="method-name">startTest(public void com.MyExitTest.tests.HomeTest.FlipkartHome() throws java.lang.InterruptedException)</span>
                <span class="method-start">18977 ms</span>
              </div> <!-- configuration-method before -->
              <div class="test-method">
                <span class="method-name">FlipkartHome</span>
                <span class="method-start">18977 ms</span>
              </div> <!-- test-method -->
              <div class="configuration-method after">
                <span class="method-name">resultTest([TestResult name=FlipkartHome status=SUCCESS method=HomeTest.FlipkartHome()[pri:4, instance:com.MyEx...)</span>
                <span class="method-start">21150 ms</span>
              </div> <!-- configuration-method after -->
              <div class="configuration-method after">
                <span class="method-name">testclose</span>
                <span class="method-start">21151 ms</span>
              </div> <!-- configuration-method after -->
            </div> <!-- chronological-class -->
            <div class="chronological-class">
              <div class="chronological-class-name">com.MyExitTest.tests.CartTest</div> <!-- chronological-class-name -->
              <div class="configuration-method before">
                <span class="method-name">intializeDriver</span>
                <span class="method-start">21255 ms</span>
              </div> <!-- configuration-method before -->
              <div class="configuration-method before">
                <span class="method-name">openUrl</span>
                <span class="method-start">22406 ms</span>
              </div> <!-- configuration-method before -->
              <div class="configuration-method before">
                <span class="method-name">startTest(public static void com.MyExitTest.tests.CartTest.CheckCart() throws java.lang.InterruptedException)</span>
                <span class="method-start">25416 ms</span>
              </div> <!-- configuration-method before -->
              <div class="test-method">
                <img src="failed.png">
                </img>
                <span class="method-name">CheckCart</span>
                <span class="method-start">25416 ms</span>
              </div> <!-- test-method -->
              <div class="configuration-method after">
                <span class="method-name">resultTest([TestResult name=CheckCart status=FAILURE method=CartTest.CheckCart()[pri:5, instance:com.MyExitTest...)</span>
                <span class="method-start">25807 ms</span>
              </div> <!-- configuration-method after -->
              <div class="configuration-method after">
                <span class="method-name">testclose</span>
                <span class="method-start">25910 ms</span>
              </div> <!-- configuration-method after -->
              <div class="configuration-method before">
                <span class="method-name">intializeDriver</span>
                <span class="method-start">26027 ms</span>
              </div> <!-- configuration-method before -->
              <div class="configuration-method before">
                <span class="method-name">openUrl</span>
                <span class="method-start">27194 ms</span>
              </div> <!-- configuration-method before -->
              <div class="configuration-method before">
                <span class="method-name">startTest(public void com.MyExitTest.tests.CartTest.AddToCart() throws java.lang.InterruptedException)</span>
                <span class="method-start">30192 ms</span>
              </div> <!-- configuration-method before -->
              <div class="test-method">
                <img src="failed.png">
                </img>
                <span class="method-name">AddToCart</span>
                <span class="method-start">30193 ms</span>
              </div> <!-- test-method -->
              <div class="configuration-method after">
                <span class="method-name">resultTest([TestResult name=AddToCart status=FAILURE method=CartTest.AddToCart()[pri:6, instance:com.MyExitTest...)</span>
                <span class="method-start">37173 ms</span>
              </div> <!-- configuration-method after -->
              <div class="configuration-method after">
                <span class="method-name">testclose</span>
                <span class="method-start">37236 ms</span>
              </div> <!-- configuration-method after -->
            </div> <!-- chronological-class -->
            <div class="chronological-class">
              <div class="chronological-class-name">com.MyExitTest.tests.SearchboxTest</div> <!-- chronological-class-name -->
              <div class="configuration-method before">
                <span class="method-name">intializeDriver</span>
                <span class="method-start">37352 ms</span>
              </div> <!-- configuration-method before -->
              <div class="configuration-method before">
                <span class="method-name">openUrl</span>
                <span class="method-start">38495 ms</span>
              </div> <!-- configuration-method before -->
              <div class="configuration-method before">
                <span class="method-name">startTest(public void com.MyExitTest.tests.SearchboxTest.Searchbox() throws java.lang.InterruptedException)</span>
                <span class="method-start">41722 ms</span>
              </div> <!-- configuration-method before -->
              <div class="test-method">
                <img src="failed.png">
                </img>
                <span class="method-name">Searchbox</span>
                <span class="method-start">41723 ms</span>
              </div> <!-- test-method -->
              <div class="configuration-method after">
                <span class="method-name">resultTest([TestResult name=Searchbox status=FAILURE method=SearchboxTest.Searchbox()[pri:7, instance:com.MyExi...)</span>
                <span class="method-start">44060 ms</span>
              </div> <!-- configuration-method after -->
              <div class="configuration-method after">
                <span class="method-name">testclose</span>
                <span class="method-start">44112 ms</span>
              </div> <!-- configuration-method after -->
            </div> <!-- chronological-class -->
            <div class="chronological-class">
              <div class="chronological-class-name">com.MyExitTest.tests.TravelTest</div> <!-- chronological-class-name -->
              <div class="configuration-method before">
                <span class="method-name">intializeDriver</span>
                <span class="method-start">44229 ms</span>
              </div> <!-- configuration-method before -->
              <div class="configuration-method before">
                <span class="method-name">openUrl</span>
                <span class="method-start">45392 ms</span>
              </div> <!-- configuration-method before -->
              <div class="configuration-method before">
                <span class="method-name">startTest(public static void com.MyExitTest.tests.TravelTest.Travel() throws java.lang.InterruptedException)</span>
                <span class="method-start">48112 ms</span>
              </div> <!-- configuration-method before -->
              <div class="test-method">
                <img src="failed.png">
                </img>
                <span class="method-name">Travel</span>
                <span class="method-start">48112 ms</span>
              </div> <!-- test-method -->
              <div class="configuration-method after">
                <span class="method-name">resultTest([TestResult name=Travel status=FAILURE method=TravelTest.Travel()[pri:8, instance:com.MyExitTest.tes...)</span>
                <span class="method-start">51570 ms</span>
              </div> <!-- configuration-method after -->
              <div class="configuration-method after">
                <span class="method-name">testclose</span>
                <span class="method-start">51620 ms</span>
              </div> <!-- configuration-method after -->
            </div> <!-- chronological-class -->
            <div class="chronological-class">
              <div class="chronological-class-name">com.MyExitTest.tests.OtherOptionsTest</div> <!-- chronological-class-name -->
              <div class="configuration-method before">
                <span class="method-name">intializeDriver</span>
                <span class="method-start">51746 ms</span>
              </div> <!-- configuration-method before -->
              <div class="configuration-method before">
                <span class="method-name">openUrl</span>
                <span class="method-start">52908 ms</span>
              </div> <!-- configuration-method before -->
              <div class="configuration-method before">
                <span class="method-name">startTest(public void com.MyExitTest.tests.OtherOptionsTest.Exploreplus() throws java.lang.InterruptedExceptio...)</span>
                <span class="method-start">55837 ms</span>
              </div> <!-- configuration-method before -->
              <div class="test-method">
                <span class="method-name">Exploreplus</span>
                <span class="method-start">55838 ms</span>
              </div> <!-- test-method -->
              <div class="configuration-method after">
                <span class="method-name">resultTest([TestResult name=Exploreplus status=SUCCESS method=OtherOptionsTest.Exploreplus()[pri:9, instance:co...)</span>
                <span class="method-start">58044 ms</span>
              </div> <!-- configuration-method after -->
              <div class="configuration-method after">
                <span class="method-name">testclose</span>
                <span class="method-start">58045 ms</span>
              </div> <!-- configuration-method after -->
              <div class="configuration-method before">
                <span class="method-name">intializeDriver</span>
                <span class="method-start">58158 ms</span>
              </div> <!-- configuration-method before -->
              <div class="configuration-method before">
                <span class="method-name">openUrl</span>
                <span class="method-start">59338 ms</span>
              </div> <!-- configuration-method before -->
              <div class="configuration-method before">
                <span class="method-name">startTest(public static void com.MyExitTest.tests.OtherOptionsTest.HelpCenterFlipkart() throws java.lang.Inter...)</span>
                <span class="method-start">62629 ms</span>
              </div> <!-- configuration-method before -->
              <div class="test-method">
                <span class="method-name">HelpCenterFlipkart</span>
                <span class="method-start">62630 ms</span>
              </div> <!-- test-method -->
              <div class="configuration-method after">
                <span class="method-name">resultTest([TestResult name=HelpCenterFlipkart status=SUCCESS method=OtherOptionsTest.HelpCenterFlipkart()[pri:...)</span>
                <span class="method-start">69693 ms</span>
              </div> <!-- configuration-method after -->
              <div class="configuration-method after">
                <span class="method-name">testclose</span>
                <span class="method-start">69694 ms</span>
              </div> <!-- configuration-method after -->
              <div class="configuration-method before">
                <span class="method-name">intializeDriver</span>
                <span class="method-start">69797 ms</span>
              </div> <!-- configuration-method before -->
              <div class="configuration-method before">
                <span class="method-name">openUrl</span>
                <span class="method-start">70957 ms</span>
              </div> <!-- configuration-method before -->
              <div class="configuration-method before">
                <span class="method-name">startTest(public static void com.MyExitTest.tests.OtherOptionsTest.TopOffers() throws java.lang.InterruptedExc...)</span>
                <span class="method-start">73991 ms</span>
              </div> <!-- configuration-method before -->
              <div class="test-method">
                <span class="method-name">TopOffers</span>
                <span class="method-start">73992 ms</span>
              </div> <!-- test-method -->
              <div class="configuration-method after">
                <span class="method-name">resultTest([TestResult name=TopOffers status=SUCCESS method=OtherOptionsTest.TopOffers()[pri:11, instance:com.M...)</span>
                <span class="method-start">78184 ms</span>
              </div> <!-- configuration-method after -->
              <div class="configuration-method after">
                <span class="method-name">testclose</span>
                <span class="method-start">78185 ms</span>
              </div> <!-- configuration-method after -->
              <div class="configuration-method before">
                <span class="method-name">intializeDriver</span>
                <span class="method-start">78301 ms</span>
              </div> <!-- configuration-method before -->
              <div class="configuration-method before">
                <span class="method-name">openUrl</span>
                <span class="method-start">79455 ms</span>
              </div> <!-- configuration-method before -->
              <div class="configuration-method before">
                <span class="method-name">startTest(public static void com.MyExitTest.tests.OtherOptionsTest.Advertise() throws java.lang.InterruptedExc...)</span>
                <span class="method-start">82607 ms</span>
              </div> <!-- configuration-method before -->
              <div class="test-method">
                <span class="method-name">Advertise</span>
                <span class="method-start">82608 ms</span>
              </div> <!-- test-method -->
              <div class="configuration-method after">
                <span class="method-name">resultTest([TestResult name=Advertise status=SUCCESS method=OtherOptionsTest.Advertise()[pri:12, instance:com.M...)</span>
                <span class="method-start">91215 ms</span>
              </div> <!-- configuration-method after -->
              <div class="configuration-method after">
                <span class="method-name">testclose</span>
                <span class="method-start">91215 ms</span>
              </div> <!-- configuration-method after -->
              <div class="configuration-method before">
                <span class="method-name">intializeDriver</span>
                <span class="method-start">91279 ms</span>
              </div> <!-- configuration-method before -->
              <div class="configuration-method before">
                <span class="method-name">openUrl</span>
                <span class="method-start">92482 ms</span>
              </div> <!-- configuration-method before -->
              <div class="configuration-method before">
                <span class="method-name">startTest(public static void com.MyExitTest.tests.OtherOptionsTest.BecomeASeller() throws java.lang.Interrupte...)</span>
                <span class="method-start">95857 ms</span>
              </div> <!-- configuration-method before -->
              <div class="test-method">
                <span class="method-name">BecomeASeller</span>
                <span class="method-start">95858 ms</span>
              </div> <!-- test-method -->
              <div class="configuration-method after">
                <span class="method-name">resultTest([TestResult name=BecomeASeller status=SUCCESS method=OtherOptionsTest.BecomeASeller()[pri:13, instan...)</span>
                <span class="method-start">104799 ms</span>
              </div> <!-- configuration-method after -->
              <div class="configuration-method after">
                <span class="method-name">testclose</span>
                <span class="method-start">104799 ms</span>
              </div> <!-- configuration-method after -->
              <div class="configuration-method before">
                <span class="method-name">intializeDriver</span>
                <span class="method-start">104901 ms</span>
              </div> <!-- configuration-method before -->
              <div class="configuration-method before">
                <span class="method-name">openUrl</span>
                <span class="method-start">106065 ms</span>
              </div> <!-- configuration-method before -->
              <div class="configuration-method before">
                <span class="method-name">startTest(public static void com.MyExitTest.tests.OtherOptionsTest.FlipkartYoutube() throws java.lang.Interrup...)</span>
                <span class="method-start">112197 ms</span>
              </div> <!-- configuration-method before -->
              <div class="test-method">
                <span class="method-name">FlipkartYoutube</span>
                <span class="method-start">112197 ms</span>
              </div> <!-- test-method -->
              <div class="configuration-method after">
                <span class="method-name">resultTest([TestResult name=FlipkartYoutube status=SUCCESS method=OtherOptionsTest.FlipkartYoutube()[pri:14, in...)</span>
                <span class="method-start">117466 ms</span>
              </div> <!-- configuration-method after -->
              <div class="configuration-method after">
                <span class="method-name">testclose</span>
                <span class="method-start">117466 ms</span>
              </div> <!-- configuration-method after -->
              <div class="configuration-method before">
                <span class="method-name">intializeDriver</span>
                <span class="method-start">117602 ms</span>
              </div> <!-- configuration-method before -->
              <div class="configuration-method before">
                <span class="method-name">openUrl</span>
                <span class="method-start">118774 ms</span>
              </div> <!-- configuration-method before -->
              <div class="configuration-method before">
                <span class="method-name">startTest(public static void com.MyExitTest.tests.OtherOptionsTest.ContactUs() throws java.lang.InterruptedExc...)</span>
                <span class="method-start">124757 ms</span>
              </div> <!-- configuration-method before -->
              <div class="test-method">
                <span class="method-name">ContactUs</span>
                <span class="method-start">124757 ms</span>
              </div> <!-- test-method -->
              <div class="configuration-method after">
                <span class="method-name">resultTest([TestResult name=ContactUs status=SUCCESS method=OtherOptionsTest.ContactUs()[pri:15, instance:com.M...)</span>
                <span class="method-start">128157 ms</span>
              </div> <!-- configuration-method after -->
              <div class="configuration-method after">
                <span class="method-name">testclose</span>
                <span class="method-start">128157 ms</span>
              </div> <!-- configuration-method after -->
              <div class="configuration-method before">
                <span class="method-name">intializeDriver</span>
                <span class="method-start">128297 ms</span>
              </div> <!-- configuration-method before -->
              <div class="configuration-method before">
                <span class="method-name">openUrl</span>
                <span class="method-start">129480 ms</span>
              </div> <!-- configuration-method before -->
              <div class="configuration-method before">
                <span class="method-name">startTest(public static void com.MyExitTest.tests.OtherOptionsTest.AboutUs() throws java.lang.InterruptedExcep...)</span>
                <span class="method-start">133147 ms</span>
              </div> <!-- configuration-method before -->
              <div class="test-method">
                <span class="method-name">AboutUs</span>
                <span class="method-start">133148 ms</span>
              </div> <!-- test-method -->
              <div class="configuration-method after">
                <span class="method-name">resultTest([TestResult name=AboutUs status=SUCCESS method=OtherOptionsTest.AboutUs()[pri:16, instance:com.MyExi...)</span>
                <span class="method-start">136108 ms</span>
              </div> <!-- configuration-method after -->
              <div class="configuration-method after">
                <span class="method-name">testclose</span>
                <span class="method-start">136109 ms</span>
              </div> <!-- configuration-method after -->
              <div class="configuration-method before">
                <span class="method-name">intializeDriver</span>
                <span class="method-start">136205 ms</span>
              </div> <!-- configuration-method before -->
              <div class="configuration-method before">
                <span class="method-name">openUrl</span>
                <span class="method-start">137356 ms</span>
              </div> <!-- configuration-method before -->
              <div class="configuration-method before">
                <span class="method-name">startTest(public static void com.MyExitTest.tests.OtherOptionsTest.NotificationPreferences() throws java.lang....)</span>
                <span class="method-start">140748 ms</span>
              </div> <!-- configuration-method before -->
              <div class="test-method">
                <img src="failed.png">
                </img>
                <span class="method-name">NotificationPreferences</span>
                <span class="method-start">140748 ms</span>
              </div> <!-- test-method -->
              <div class="configuration-method after">
                <span class="method-name">resultTest([TestResult name=NotificationPreferences status=FAILURE method=OtherOptionsTest.NotificationPreferen...)</span>
                <span class="method-start">143985 ms</span>
              </div> <!-- configuration-method after -->
              <div class="configuration-method after">
                <span class="method-name">testclose</span>
                <span class="method-start">144106 ms</span>
              </div> <!-- configuration-method after -->
              <div class="configuration-method before">
                <span class="method-name">intializeDriver</span>
                <span class="method-start">144235 ms</span>
              </div> <!-- configuration-method before -->
              <div class="configuration-method before">
                <span class="method-name">openUrl</span>
                <span class="method-start">145383 ms</span>
              </div> <!-- configuration-method before -->
              <div class="configuration-method before">
                <span class="method-name">startTest(public static void com.MyExitTest.tests.OtherOptionsTest.DownloadApp() throws java.lang.InterruptedE...)</span>
                <span class="method-start">148558 ms</span>
              </div> <!-- configuration-method before -->
              <div class="test-method">
                <img src="failed.png">
                </img>
                <span class="method-name">DownloadApp</span>
                <span class="method-start">148558 ms</span>
              </div> <!-- test-method -->
              <div class="configuration-method after">
                <span class="method-name">resultTest([TestResult name=DownloadApp status=FAILURE method=OtherOptionsTest.DownloadApp()[pri:18, instance:c...)</span>
                <span class="method-start">149795 ms</span>
              </div> <!-- configuration-method after -->
              <div class="configuration-method after">
                <span class="method-name">testclose</span>
                <span class="method-start">149957 ms</span>
              </div> <!-- configuration-method after -->
              <div class="configuration-method before">
                <span class="method-name">intializeDriver</span>
                <span class="method-start">150077 ms</span>
              </div> <!-- configuration-method before -->
              <div class="configuration-method before">
                <span class="method-name">openUrl</span>
                <span class="method-start">151226 ms</span>
              </div> <!-- configuration-method before -->
              <div class="configuration-method before">
                <span class="method-name">startTest(public static void com.MyExitTest.tests.OtherOptionsTest.GiftCards() throws java.lang.InterruptedExc...)</span>
                <span class="method-start">155410 ms</span>
              </div> <!-- configuration-method before -->
              <div class="test-method">
                <img src="failed.png">
                </img>
                <span class="method-name">GiftCards</span>
                <span class="method-start">155410 ms</span>
              </div> <!-- test-method -->
              <div class="configuration-method after">
                <span class="method-name">resultTest([TestResult name=GiftCards status=FAILURE method=OtherOptionsTest.GiftCards()[pri:19, instance:com.M...)</span>
                <span class="method-start">158555 ms</span>
              </div> <!-- configuration-method after -->
              <div class="configuration-method after">
                <span class="method-name">testclose</span>
                <span class="method-start">158691 ms</span>
              </div> <!-- configuration-method after -->
              <div class="configuration-method before">
                <span class="method-name">intializeDriver</span>
                <span class="method-start">158801 ms</span>
              </div> <!-- configuration-method before -->
              <div class="configuration-method before">
                <span class="method-name">openUrl</span>
                <span class="method-start">160034 ms</span>
              </div> <!-- configuration-method before -->
              <div class="configuration-method before">
                <span class="method-name">startTest(public static void com.MyExitTest.tests.OtherOptionsTest.Facebook() throws java.lang.InterruptedExce...)</span>
                <span class="method-start">163037 ms</span>
              </div> <!-- configuration-method before -->
              <div class="test-method">
                <span class="method-name">Facebook</span>
                <span class="method-start">163037 ms</span>
              </div> <!-- test-method -->
              <div class="configuration-method after">
                <span class="method-name">resultTest([TestResult name=Facebook status=SUCCESS method=OtherOptionsTest.Facebook()[pri:20, instance:com.MyE...)</span>
                <span class="method-start">167503 ms</span>
              </div> <!-- configuration-method after -->
              <div class="configuration-method after">
                <span class="method-name">testclose</span>
                <span class="method-start">167503 ms</span>
              </div> <!-- configuration-method after -->
            </div> <!-- chronological-class -->
            <div class="chronological-class">
              <div class="chronological-class-name">com.MyExitTest.tests.LoginTest</div> <!-- chronological-class-name -->
              <div class="configuration-suite after">
                <span class="method-name">endReport</span>
                <span class="method-start">167665 ms</span>
              </div> <!-- configuration-suite after -->
          </div> <!-- main-panel-content rounded-window-bottom -->
        </div> <!-- panel -->
      </div> <!-- main-panel-root -->
    </div> <!-- wrapper -->
  </body>
</html>
